{"/home/ykf/Code/kk-tools/src/index.ts": {"path":"/home/ykf/Code/kk-tools/src/index.ts","statementMap":{"0":{"start":{"line":1,"column":0},"end":{"line":1,"column":34}},"1":{"start":{"line":3,"column":0},"end":{"line":5,"column":null}}},"fnMap":{},"branchMap":{},"s":{"0":1,"1":1},"f":{},"b":{}}
,"/home/ykf/Code/kk-tools/src/packages/fill.ts": {"path":"/home/ykf/Code/kk-tools/src/packages/fill.ts","statementMap":{"0":{"start":{"line":11,"column":13},"end":{"line":29,"column":1}},"1":{"start":{"line":11,"column":53},"end":{"line":11,"column":76}},"2":{"start":{"line":11,"column":76},"end":{"line":11,"column":null}},"3":{"start":{"line":12,"column":4},"end":{"line":12,"column":null}},"4":{"start":{"line":12,"column":31},"end":{"line":12,"column":null}},"5":{"start":{"line":15,"column":4},"end":{"line":15,"column":null}},"6":{"start":{"line":15,"column":43},"end":{"line":15,"column":null}},"7":{"start":{"line":17,"column":4},"end":{"line":17,"column":null}},"8":{"start":{"line":17,"column":41},"end":{"line":17,"column":null}},"9":{"start":{"line":19,"column":4},"end":{"line":19,"column":null}},"10":{"start":{"line":19,"column":24},"end":{"line":19,"column":null}},"11":{"start":{"line":21,"column":4},"end":{"line":21,"column":null}},"12":{"start":{"line":21,"column":22},"end":{"line":21,"column":null}},"13":{"start":{"line":24,"column":23},"end":{"line":24,"column":25}},"14":{"start":{"line":25,"column":4},"end":{"line":27,"column":null}},"15":{"start":{"line":26,"column":8},"end":{"line":26,"column":null}},"16":{"start":{"line":28,"column":4},"end":{"line":28,"column":null}},"17":{"start":{"line":31,"column":0},"end":{"line":31,"column":null}}},"fnMap":{"0":{"name":"(anonymous_0)","decl":{"start":{"line":11,"column":13},"end":{"line":11,"column":17}},"loc":{"start":{"line":11,"column":117},"end":{"line":29,"column":1}}},"1":{"name":"(anonymous_1)","decl":{"start":{"line":25,"column":25},"end":{"line":25,"column":26}},"loc":{"start":{"line":25,"column":39},"end":{"line":27,"column":5}}}},"branchMap":{"0":{"loc":{"start":{"line":11,"column":53},"end":{"line":11,"column":76}},"type":"if","locations":[{"start":{"line":11,"column":53},"end":{"line":11,"column":76}},{"start":{"line":11,"column":53},"end":{"line":11,"column":76}}]},"1":{"loc":{"start":{"line":11,"column":76},"end":{"line":11,"column":null}},"type":"if","locations":[{"start":{"line":11,"column":76},"end":{"line":11,"column":null}},{"start":{"line":11,"column":76},"end":{"line":11,"column":null}}]},"2":{"loc":{"start":{"line":12,"column":4},"end":{"line":12,"column":null}},"type":"if","locations":[{"start":{"line":12,"column":4},"end":{"line":12,"column":null}},{"start":{"line":12,"column":4},"end":{"line":12,"column":null}}]},"3":{"loc":{"start":{"line":15,"column":4},"end":{"line":15,"column":null}},"type":"if","locations":[{"start":{"line":15,"column":4},"end":{"line":15,"column":null}},{"start":{"line":15,"column":4},"end":{"line":15,"column":null}}]},"4":{"loc":{"start":{"line":17,"column":4},"end":{"line":17,"column":null}},"type":"if","locations":[{"start":{"line":17,"column":4},"end":{"line":17,"column":null}},{"start":{"line":17,"column":4},"end":{"line":17,"column":null}}]},"5":{"loc":{"start":{"line":19,"column":4},"end":{"line":19,"column":null}},"type":"if","locations":[{"start":{"line":19,"column":4},"end":{"line":19,"column":null}},{"start":{"line":19,"column":4},"end":{"line":19,"column":null}}]},"6":{"loc":{"start":{"line":21,"column":4},"end":{"line":21,"column":null}},"type":"if","locations":[{"start":{"line":21,"column":4},"end":{"line":21,"column":null}},{"start":{"line":21,"column":4},"end":{"line":21,"column":null}}]},"7":{"loc":{"start":{"line":26,"column":71},"end":{"line":26,"column":76}},"type":"cond-expr","locations":[{"start":{"line":26,"column":71},"end":{"line":26,"column":76}},{"start":{"line":26,"column":79},"end":{"line":26,"column":83}}]},"8":{"loc":{"start":{"line":26,"column":27},"end":{"line":26,"column":46}},"type":"binary-expr","locations":[{"start":{"line":26,"column":27},"end":{"line":26,"column":46}},{"start":{"line":26,"column":50},"end":{"line":26,"column":67}}]}},"s":{"0":1,"1":11,"2":12,"3":9,"4":2,"5":9,"6":2,"7":9,"8":1,"9":9,"10":2,"11":9,"12":1,"13":9,"14":9,"15":36,"16":9,"17":1},"f":{"0":9,"1":36},"b":{"0":[2,7],"1":[3,6],"2":[2,7],"3":[2,7],"4":[1,8],"5":[2,7],"6":[1,8],"7":[21,15],"8":[36,26]}}
}
