TN:
SF:src\index.ts
FNF:0
FNH:0
DA:1,1
DA:4,1
LF:2
LH:2
BRF:0
BRH:0
end_of_record
TN:
SF:src\packages\fill.ts
FN:11,(anonymous_0)
FN:25,(anonymous_1)
FNF:2
FNH:2
FNDA:9,(anonymous_0)
FNDA:36,(anonymous_1)
DA:11,12
DA:12,9
DA:15,9
DA:17,9
DA:19,9
DA:21,9
DA:24,9
DA:25,9
DA:26,36
DA:28,9
DA:31,1
LF:11
LH:11
BRDA:11,0,0,2
BRDA:11,0,1,7
BRDA:11,1,0,3
BRDA:11,1,1,6
BRDA:12,2,0,2
BRDA:12,2,1,7
BRDA:15,3,0,2
BRDA:15,3,1,7
BRDA:17,4,0,1
BRDA:17,4,1,8
BRDA:19,5,0,2
BRDA:19,5,1,7
BRDA:21,6,0,1
BRDA:21,6,1,8
BRDA:26,7,0,21
BRDA:26,7,1,15
BRDA:26,8,0,36
BRDA:26,8,1,26
BRF:18
BRH:18
end_of_record
